Base path: C:/Program Files/Unity/Editor/Data
Pipe name: \\.\pipe\UnityShaderCompiler-64bit-1-7984
Cmd: getPlatforms
Cmd: preprocess
  insize=948 outsize=336 ok=1
Cmd: compileSnippet
  api=4 type=0 insize=911 outsize=1656 kw=LEAP_FORMAT_IR pd= ok=1
Cmd: compileSnippet
  api=4 type=1 insize=911 outsize=1997 kw=LEAP_FORMAT_IR pd= ok=1
Cmd: preprocess
  insize=1342 outsize=543 ok=1
Cmd: compileSnippet
  api=4 type=0 insize=1098 outsize=1656 kw=LEAP_FORMAT_IR pd= ok=1
Cmd: compileSnippet
  api=4 type=1 insize=1098 outsize=2631 kw=LEAP_FORMAT_IR pd= ok=1
Cmd: preprocess
  insize=906 outsize=294 ok=1
Cmd: compileSnippet
  api=4 type=0 insize=909 outsize=1656 kw=LEAP_FORMAT_IR pd= ok=1
Cmd: compileSnippet
  api=4 type=1 insize=909 outsize=1997 kw=LEAP_FORMAT_IR pd= ok=1
